<?xml version="1.0" encoding="UTF-8"?>
<robot generator="Robot 6.1.1 (Python 3.11.5 on darwin)" generated="20240503 18:21:44.610" rpa="false" schemaversion="4">
<suite id="s1" name="Tests" source="/Users/mineanupponen/kurssit/ohtutehtavia/ohtuteht-vi-/osa3/hello-robot/src/tests">
<suite id="s1-s1" name="Increase Counter" source="/Users/mineanupponen/kurssit/ohtutehtavia/ohtuteht-vi-/osa3/hello-robot/src/tests/increase_counter.robot">
<test id="s1-s1-t1" name="Increase Counter Once" line="5">
<kw name="Counter Value Should Be" library="CounterLibrary">
<arg>0</arg>
<status status="PASS" starttime="20240503 18:21:44.619" endtime="20240503 18:21:44.619"/>
</kw>
<kw name="Increase Counter" library="CounterLibrary">
<status status="PASS" starttime="20240503 18:21:44.619" endtime="20240503 18:21:44.620"/>
</kw>
<kw name="Counter Value Should Be" library="CounterLibrary">
<arg>1</arg>
<status status="PASS" starttime="20240503 18:21:44.620" endtime="20240503 18:21:44.620"/>
</kw>
<status status="PASS" starttime="20240503 18:21:44.619" endtime="20240503 18:21:44.620"/>
</test>
<test id="s1-s1-t2" name="Increase Counter Many Times" line="10">
<kw name="Counter Value Should Be" library="CounterLibrary">
<arg>0</arg>
<status status="PASS" starttime="20240503 18:21:44.620" endtime="20240503 18:21:44.620"/>
</kw>
<kw name="Increase Counter" library="CounterLibrary">
<status status="PASS" starttime="20240503 18:21:44.620" endtime="20240503 18:21:44.620"/>
</kw>
<kw name="Increase Counter" library="CounterLibrary">
<status status="PASS" starttime="20240503 18:21:44.620" endtime="20240503 18:21:44.620"/>
</kw>
<kw name="Increase Counter" library="CounterLibrary">
<status status="PASS" starttime="20240503 18:21:44.620" endtime="20240503 18:21:44.620"/>
</kw>
<kw name="Counter Value Should Be" library="CounterLibrary">
<arg>3</arg>
<status status="PASS" starttime="20240503 18:21:44.620" endtime="20240503 18:21:44.620"/>
</kw>
<status status="PASS" starttime="20240503 18:21:44.620" endtime="20240503 18:21:44.620"/>
</test>
<test id="s1-s1-t3" name="Increment Counter By Amount" line="17">
<kw name="Counter Value Should Be" library="CounterLibrary">
<arg>0</arg>
<status status="PASS" starttime="20240503 18:21:44.620" endtime="20240503 18:21:44.620"/>
</kw>
<kw name="Increment Counter By" library="CounterLibrary">
<arg>5</arg>
<status status="PASS" starttime="20240503 18:21:44.620" endtime="20240503 18:21:44.620"/>
</kw>
<kw name="Counter Value Should Be" library="CounterLibrary">
<arg>5</arg>
<status status="PASS" starttime="20240503 18:21:44.621" endtime="20240503 18:21:44.621"/>
</kw>
<status status="PASS" starttime="20240503 18:21:44.620" endtime="20240503 18:21:44.621"/>
</test>
<status status="PASS" starttime="20240503 18:21:44.617" endtime="20240503 18:21:44.621"/>
</suite>
<suite id="s1-s2" name="Reset Counter" source="/Users/mineanupponen/kurssit/ohtutehtavia/ohtuteht-vi-/osa3/hello-robot/src/tests/reset_counter.robot">
<test id="s1-s2-t1" name="Reset Counter After One Increment" line="5">
<kw name="Counter Value Should Be" library="CounterLibrary">
<arg>0</arg>
<status status="PASS" starttime="20240503 18:21:44.622" endtime="20240503 18:21:44.622"/>
</kw>
<kw name="Increase Counter" library="CounterLibrary">
<status status="PASS" starttime="20240503 18:21:44.622" endtime="20240503 18:21:44.622"/>
</kw>
<kw name="Counter Value Should Be" library="CounterLibrary">
<arg>1</arg>
<status status="PASS" starttime="20240503 18:21:44.622" endtime="20240503 18:21:44.622"/>
</kw>
<kw name="Reset Counter" library="CounterLibrary">
<status status="PASS" starttime="20240503 18:21:44.622" endtime="20240503 18:21:44.622"/>
</kw>
<kw name="Counter Value Should Be" library="CounterLibrary">
<arg>0</arg>
<status status="PASS" starttime="20240503 18:21:44.622" endtime="20240503 18:21:44.622"/>
</kw>
<status status="PASS" starttime="20240503 18:21:44.622" endtime="20240503 18:21:44.622"/>
</test>
<test id="s1-s2-t2" name="Reset Counter After Several Increments" line="12">
<kw name="Counter Value Should Be" library="CounterLibrary">
<arg>0</arg>
<status status="PASS" starttime="20240503 18:21:44.622" endtime="20240503 18:21:44.622"/>
</kw>
<kw name="Increment Counter By" library="CounterLibrary">
<arg>5</arg>
<status status="PASS" starttime="20240503 18:21:44.622" endtime="20240503 18:21:44.622"/>
</kw>
<kw name="Counter Value Should Be" library="CounterLibrary">
<arg>5</arg>
<status status="PASS" starttime="20240503 18:21:44.622" endtime="20240503 18:21:44.622"/>
</kw>
<kw name="Reset Counter" library="CounterLibrary">
<status status="PASS" starttime="20240503 18:21:44.622" endtime="20240503 18:21:44.622"/>
</kw>
<kw name="Counter Value Should Be" library="CounterLibrary">
<arg>0</arg>
<status status="PASS" starttime="20240503 18:21:44.622" endtime="20240503 18:21:44.622"/>
</kw>
<status status="PASS" starttime="20240503 18:21:44.622" endtime="20240503 18:21:44.622"/>
</test>
<status status="PASS" starttime="20240503 18:21:44.621" endtime="20240503 18:21:44.623"/>
</suite>
<status status="PASS" starttime="20240503 18:21:44.611" endtime="20240503 18:21:44.623"/>
</suite>
<statistics>
<total>
<stat pass="5" fail="0" skip="0">All Tests</stat>
</total>
<tag>
</tag>
<suite>
<stat pass="5" fail="0" skip="0" id="s1" name="Tests">Tests</stat>
<stat pass="3" fail="0" skip="0" id="s1-s1" name="Increase Counter">Tests.Increase Counter</stat>
<stat pass="2" fail="0" skip="0" id="s1-s2" name="Reset Counter">Tests.Reset Counter</stat>
</suite>
</statistics>
<errors>
</errors>
</robot>
