<?xml version="1.0" encoding="UTF-8"?>
<robot generator="Robot 6.1.1 (Python 3.11.5 on darwin)" generated="20240503 19:11:05.061" rpa="false" schemaversion="4">
<suite id="s1" name="Tests" source="/Users/mineanupponen/kurssit/ohtutehtavia/ohtuteht-vi-/osa3/login-robot/src/tests">
<suite id="s1-s1" name="Login" source="/Users/mineanupponen/kurssit/ohtutehtavia/ohtuteht-vi-/osa3/login-robot/src/tests/login.robot">
<test id="s1-s1-t1" name="Login With Correct Credentials" line="6">
<kw name="Create User And Input Login Command" type="SETUP">
<kw name="Create User" library="AppLibrary">
<arg>kalle</arg>
<arg>kalle123</arg>
<status status="PASS" starttime="20240503 19:11:05.071" endtime="20240503 19:11:05.071"/>
</kw>
<kw name="Input Login Command" library="resource">
<kw name="Input" library="AppLibrary">
<arg>login</arg>
<status status="PASS" starttime="20240503 19:11:05.071" endtime="20240503 19:11:05.071"/>
</kw>
<status status="PASS" starttime="20240503 19:11:05.071" endtime="20240503 19:11:05.071"/>
</kw>
<status status="PASS" starttime="20240503 19:11:05.071" endtime="20240503 19:11:05.071"/>
</kw>
<kw name="Input Credentials" library="resource">
<arg>kalle</arg>
<arg>kalle123</arg>
<kw name="Input" library="AppLibrary">
<arg>${username}</arg>
<status status="PASS" starttime="20240503 19:11:05.072" endtime="20240503 19:11:05.072"/>
</kw>
<kw name="Input" library="AppLibrary">
<arg>${password}</arg>
<status status="PASS" starttime="20240503 19:11:05.072" endtime="20240503 19:11:05.072"/>
</kw>
<kw name="Run Application" library="AppLibrary">
<status status="PASS" starttime="20240503 19:11:05.072" endtime="20240503 19:11:05.072"/>
</kw>
<status status="PASS" starttime="20240503 19:11:05.072" endtime="20240503 19:11:05.072"/>
</kw>
<kw name="Output Should Contain" library="AppLibrary">
<arg>Logged in</arg>
<status status="PASS" starttime="20240503 19:11:05.072" endtime="20240503 19:11:05.072"/>
</kw>
<status status="PASS" starttime="20240503 19:11:05.071" endtime="20240503 19:11:05.072"/>
</test>
<test id="s1-s1-t2" name="Login With Incorrect Password" line="10">
<kw name="Create User And Input Login Command" type="SETUP">
<kw name="Create User" library="AppLibrary">
<arg>kalle</arg>
<arg>kalle123</arg>
<status status="PASS" starttime="20240503 19:11:05.072" endtime="20240503 19:11:05.072"/>
</kw>
<kw name="Input Login Command" library="resource">
<kw name="Input" library="AppLibrary">
<arg>login</arg>
<status status="PASS" starttime="20240503 19:11:05.072" endtime="20240503 19:11:05.072"/>
</kw>
<status status="PASS" starttime="20240503 19:11:05.072" endtime="20240503 19:11:05.072"/>
</kw>
<status status="PASS" starttime="20240503 19:11:05.072" endtime="20240503 19:11:05.072"/>
</kw>
<kw name="Input Credentials" library="resource">
<arg>kalle</arg>
<arg>kalle124</arg>
<kw name="Input" library="AppLibrary">
<arg>${username}</arg>
<status status="PASS" starttime="20240503 19:11:05.073" endtime="20240503 19:11:05.073"/>
</kw>
<kw name="Input" library="AppLibrary">
<arg>${password}</arg>
<status status="PASS" starttime="20240503 19:11:05.073" endtime="20240503 19:11:05.073"/>
</kw>
<kw name="Run Application" library="AppLibrary">
<status status="PASS" starttime="20240503 19:11:05.073" endtime="20240503 19:11:05.073"/>
</kw>
<status status="PASS" starttime="20240503 19:11:05.073" endtime="20240503 19:11:05.073"/>
</kw>
<kw name="Output Should Contain" library="AppLibrary">
<arg>Invalid username or password</arg>
<status status="PASS" starttime="20240503 19:11:05.073" endtime="20240503 19:11:05.073"/>
</kw>
<status status="PASS" starttime="20240503 19:11:05.072" endtime="20240503 19:11:05.073"/>
</test>
<test id="s1-s1-t3" name="Login With Nonexistent Username" line="14">
<kw name="Create User And Input Login Command" type="SETUP">
<kw name="Create User" library="AppLibrary">
<arg>kalle</arg>
<arg>kalle123</arg>
<status status="PASS" starttime="20240503 19:11:05.073" endtime="20240503 19:11:05.073"/>
</kw>
<kw name="Input Login Command" library="resource">
<kw name="Input" library="AppLibrary">
<arg>login</arg>
<status status="PASS" starttime="20240503 19:11:05.073" endtime="20240503 19:11:05.073"/>
</kw>
<status status="PASS" starttime="20240503 19:11:05.073" endtime="20240503 19:11:05.073"/>
</kw>
<status status="PASS" starttime="20240503 19:11:05.073" endtime="20240503 19:11:05.073"/>
</kw>
<kw name="Input Credentials" library="resource">
<arg>minski</arg>
<arg>kalle123</arg>
<kw name="Input" library="AppLibrary">
<arg>${username}</arg>
<status status="PASS" starttime="20240503 19:11:05.074" endtime="20240503 19:11:05.074"/>
</kw>
<kw name="Input" library="AppLibrary">
<arg>${password}</arg>
<status status="PASS" starttime="20240503 19:11:05.074" endtime="20240503 19:11:05.074"/>
</kw>
<kw name="Run Application" library="AppLibrary">
<status status="PASS" starttime="20240503 19:11:05.074" endtime="20240503 19:11:05.074"/>
</kw>
<status status="PASS" starttime="20240503 19:11:05.073" endtime="20240503 19:11:05.074"/>
</kw>
<kw name="Output Should Contain" library="AppLibrary">
<arg>Invalid username or password</arg>
<status status="PASS" starttime="20240503 19:11:05.074" endtime="20240503 19:11:05.074"/>
</kw>
<status status="PASS" starttime="20240503 19:11:05.073" endtime="20240503 19:11:05.074"/>
</test>
<status status="PASS" starttime="20240503 19:11:05.068" endtime="20240503 19:11:05.074"/>
</suite>
<suite id="s1-s2" name="Register" source="/Users/mineanupponen/kurssit/ohtutehtavia/ohtuteht-vi-/osa3/login-robot/src/tests/register.robot">
<test id="s1-s2-t1" name="Register With Valid Username And Password" line="6">
<kw name="Input New Command And Create User" type="SETUP">
<kw name="Input New Command" library="resource">
<kw name="Input" library="AppLibrary">
<arg>new</arg>
<status status="PASS" starttime="20240503 19:11:05.075" endtime="20240503 19:11:05.075"/>
</kw>
<status status="PASS" starttime="20240503 19:11:05.075" endtime="20240503 19:11:05.075"/>
</kw>
<kw name="Create User" library="AppLibrary">
<arg>minski</arg>
<arg>minski123</arg>
<status status="PASS" starttime="20240503 19:11:05.075" endtime="20240503 19:11:05.075"/>
</kw>
<status status="PASS" starttime="20240503 19:11:05.075" endtime="20240503 19:11:05.075"/>
</kw>
<kw name="Input Credentials" library="resource">
<arg>kalle</arg>
<arg>kalle123</arg>
<kw name="Input" library="AppLibrary">
<arg>${username}</arg>
<status status="PASS" starttime="20240503 19:11:05.076" endtime="20240503 19:11:05.076"/>
</kw>
<kw name="Input" library="AppLibrary">
<arg>${password}</arg>
<status status="PASS" starttime="20240503 19:11:05.076" endtime="20240503 19:11:05.076"/>
</kw>
<kw name="Run Application" library="AppLibrary">
<status status="PASS" starttime="20240503 19:11:05.076" endtime="20240503 19:11:05.076"/>
</kw>
<status status="PASS" starttime="20240503 19:11:05.075" endtime="20240503 19:11:05.076"/>
</kw>
<kw name="Output Should Contain" library="AppLibrary">
<arg>New user registered</arg>
<status status="PASS" starttime="20240503 19:11:05.076" endtime="20240503 19:11:05.076"/>
</kw>
<status status="PASS" starttime="20240503 19:11:05.075" endtime="20240503 19:11:05.076"/>
</test>
<test id="s1-s2-t2" name="Register With Already Taken Username And Valid Password" line="10">
<kw name="Input New Command And Create User" type="SETUP">
<kw name="Input New Command" library="resource">
<kw name="Input" library="AppLibrary">
<arg>new</arg>
<status status="PASS" starttime="20240503 19:11:05.076" endtime="20240503 19:11:05.076"/>
</kw>
<status status="PASS" starttime="20240503 19:11:05.076" endtime="20240503 19:11:05.076"/>
</kw>
<kw name="Create User" library="AppLibrary">
<arg>minski</arg>
<arg>minski123</arg>
<status status="PASS" starttime="20240503 19:11:05.076" endtime="20240503 19:11:05.076"/>
</kw>
<status status="PASS" starttime="20240503 19:11:05.076" endtime="20240503 19:11:05.076"/>
</kw>
<kw name="Input Credentials" library="resource">
<arg>minski</arg>
<arg>minski123</arg>
<kw name="Input" library="AppLibrary">
<arg>${username}</arg>
<status status="PASS" starttime="20240503 19:11:05.076" endtime="20240503 19:11:05.076"/>
</kw>
<kw name="Input" library="AppLibrary">
<arg>${password}</arg>
<status status="PASS" starttime="20240503 19:11:05.076" endtime="20240503 19:11:05.077"/>
</kw>
<kw name="Run Application" library="AppLibrary">
<status status="PASS" starttime="20240503 19:11:05.077" endtime="20240503 19:11:05.077"/>
</kw>
<status status="PASS" starttime="20240503 19:11:05.076" endtime="20240503 19:11:05.077"/>
</kw>
<kw name="Output Should Contain" library="AppLibrary">
<arg>Username is already in use</arg>
<status status="PASS" starttime="20240503 19:11:05.077" endtime="20240503 19:11:05.077"/>
</kw>
<status status="PASS" starttime="20240503 19:11:05.076" endtime="20240503 19:11:05.077"/>
</test>
<test id="s1-s2-t3" name="Register With Too Short Username And Valid Password" line="14">
<kw name="Input New Command And Create User" type="SETUP">
<kw name="Input New Command" library="resource">
<kw name="Input" library="AppLibrary">
<arg>new</arg>
<status status="PASS" starttime="20240503 19:11:05.077" endtime="20240503 19:11:05.077"/>
</kw>
<status status="PASS" starttime="20240503 19:11:05.077" endtime="20240503 19:11:05.077"/>
</kw>
<kw name="Create User" library="AppLibrary">
<arg>minski</arg>
<arg>minski123</arg>
<status status="PASS" starttime="20240503 19:11:05.077" endtime="20240503 19:11:05.077"/>
</kw>
<status status="PASS" starttime="20240503 19:11:05.077" endtime="20240503 19:11:05.077"/>
</kw>
<kw name="Input Credentials" library="resource">
<arg>m</arg>
<arg>minski123</arg>
<kw name="Input" library="AppLibrary">
<arg>${username}</arg>
<status status="PASS" starttime="20240503 19:11:05.077" endtime="20240503 19:11:05.077"/>
</kw>
<kw name="Input" library="AppLibrary">
<arg>${password}</arg>
<status status="PASS" starttime="20240503 19:11:05.077" endtime="20240503 19:11:05.077"/>
</kw>
<kw name="Run Application" library="AppLibrary">
<status status="PASS" starttime="20240503 19:11:05.078" endtime="20240503 19:11:05.078"/>
</kw>
<status status="PASS" starttime="20240503 19:11:05.077" endtime="20240503 19:11:05.078"/>
</kw>
<kw name="Output Should Contain" library="AppLibrary">
<arg>Username is too short</arg>
<status status="PASS" starttime="20240503 19:11:05.078" endtime="20240503 19:11:05.078"/>
</kw>
<status status="PASS" starttime="20240503 19:11:05.077" endtime="20240503 19:11:05.078"/>
</test>
<test id="s1-s2-t4" name="Register With Enough Long But Invalid Username And Valid Password" line="18">
<kw name="Input New Command And Create User" type="SETUP">
<kw name="Input New Command" library="resource">
<kw name="Input" library="AppLibrary">
<arg>new</arg>
<status status="PASS" starttime="20240503 19:11:05.078" endtime="20240503 19:11:05.078"/>
</kw>
<status status="PASS" starttime="20240503 19:11:05.078" endtime="20240503 19:11:05.078"/>
</kw>
<kw name="Create User" library="AppLibrary">
<arg>minski</arg>
<arg>minski123</arg>
<status status="PASS" starttime="20240503 19:11:05.078" endtime="20240503 19:11:05.078"/>
</kw>
<status status="PASS" starttime="20240503 19:11:05.078" endtime="20240503 19:11:05.078"/>
</kw>
<kw name="Input Credentials" library="resource">
<arg>.minski</arg>
<arg>minski123</arg>
<kw name="Input" library="AppLibrary">
<arg>${username}</arg>
<status status="PASS" starttime="20240503 19:11:05.078" endtime="20240503 19:11:05.078"/>
</kw>
<kw name="Input" library="AppLibrary">
<arg>${password}</arg>
<status status="PASS" starttime="20240503 19:11:05.078" endtime="20240503 19:11:05.078"/>
</kw>
<kw name="Run Application" library="AppLibrary">
<status status="PASS" starttime="20240503 19:11:05.078" endtime="20240503 19:11:05.079"/>
</kw>
<status status="PASS" starttime="20240503 19:11:05.078" endtime="20240503 19:11:05.079"/>
</kw>
<kw name="Output Should Contain" library="AppLibrary">
<arg>Username should contain only caracters a-z</arg>
<status status="PASS" starttime="20240503 19:11:05.079" endtime="20240503 19:11:05.079"/>
</kw>
<status status="PASS" starttime="20240503 19:11:05.078" endtime="20240503 19:11:05.079"/>
</test>
<test id="s1-s2-t5" name="Register With Valid Username And Too Short Password" line="22">
<kw name="Input New Command And Create User" type="SETUP">
<kw name="Input New Command" library="resource">
<kw name="Input" library="AppLibrary">
<arg>new</arg>
<status status="PASS" starttime="20240503 19:11:05.079" endtime="20240503 19:11:05.079"/>
</kw>
<status status="PASS" starttime="20240503 19:11:05.079" endtime="20240503 19:11:05.079"/>
</kw>
<kw name="Create User" library="AppLibrary">
<arg>minski</arg>
<arg>minski123</arg>
<status status="PASS" starttime="20240503 19:11:05.079" endtime="20240503 19:11:05.079"/>
</kw>
<status status="PASS" starttime="20240503 19:11:05.079" endtime="20240503 19:11:05.079"/>
</kw>
<kw name="Input Credentials" library="resource">
<arg>minea</arg>
<arg>123</arg>
<kw name="Input" library="AppLibrary">
<arg>${username}</arg>
<status status="PASS" starttime="20240503 19:11:05.079" endtime="20240503 19:11:05.079"/>
</kw>
<kw name="Input" library="AppLibrary">
<arg>${password}</arg>
<status status="PASS" starttime="20240503 19:11:05.079" endtime="20240503 19:11:05.080"/>
</kw>
<kw name="Run Application" library="AppLibrary">
<status status="PASS" starttime="20240503 19:11:05.080" endtime="20240503 19:11:05.080"/>
</kw>
<status status="PASS" starttime="20240503 19:11:05.079" endtime="20240503 19:11:05.080"/>
</kw>
<kw name="Output Should Contain" library="AppLibrary">
<arg>Password is too short</arg>
<status status="PASS" starttime="20240503 19:11:05.080" endtime="20240503 19:11:05.080"/>
</kw>
<status status="PASS" starttime="20240503 19:11:05.079" endtime="20240503 19:11:05.080"/>
</test>
<test id="s1-s2-t6" name="Register With Valid Username And Long Enough Password Containing Only Letters" line="26">
<kw name="Input New Command And Create User" type="SETUP">
<kw name="Input New Command" library="resource">
<kw name="Input" library="AppLibrary">
<arg>new</arg>
<status status="PASS" starttime="20240503 19:11:05.080" endtime="20240503 19:11:05.080"/>
</kw>
<status status="PASS" starttime="20240503 19:11:05.080" endtime="20240503 19:11:05.080"/>
</kw>
<kw name="Create User" library="AppLibrary">
<arg>minski</arg>
<arg>minski123</arg>
<status status="PASS" starttime="20240503 19:11:05.080" endtime="20240503 19:11:05.080"/>
</kw>
<status status="PASS" starttime="20240503 19:11:05.080" endtime="20240503 19:11:05.080"/>
</kw>
<kw name="Input Credentials" library="resource">
<arg>minea</arg>
<arg>minskiminea</arg>
<kw name="Input" library="AppLibrary">
<arg>${username}</arg>
<status status="PASS" starttime="20240503 19:11:05.080" endtime="20240503 19:11:05.080"/>
</kw>
<kw name="Input" library="AppLibrary">
<arg>${password}</arg>
<status status="PASS" starttime="20240503 19:11:05.080" endtime="20240503 19:11:05.080"/>
</kw>
<kw name="Run Application" library="AppLibrary">
<status status="PASS" starttime="20240503 19:11:05.080" endtime="20240503 19:11:05.080"/>
</kw>
<status status="PASS" starttime="20240503 19:11:05.080" endtime="20240503 19:11:05.080"/>
</kw>
<kw name="Output Should Contain" library="AppLibrary">
<arg>Password must contain non-letter characters</arg>
<status status="PASS" starttime="20240503 19:11:05.080" endtime="20240503 19:11:05.081"/>
</kw>
<status status="PASS" starttime="20240503 19:11:05.080" endtime="20240503 19:11:05.081"/>
</test>
<status status="PASS" starttime="20240503 19:11:05.074" endtime="20240503 19:11:05.081"/>
</suite>
<status status="PASS" starttime="20240503 19:11:05.062" endtime="20240503 19:11:05.081"/>
</suite>
<statistics>
<total>
<stat pass="9" fail="0" skip="0">All Tests</stat>
</total>
<tag>
</tag>
<suite>
<stat pass="9" fail="0" skip="0" id="s1" name="Tests">Tests</stat>
<stat pass="3" fail="0" skip="0" id="s1-s1" name="Login">Tests.Login</stat>
<stat pass="6" fail="0" skip="0" id="s1-s2" name="Register">Tests.Register</stat>
</suite>
</statistics>
<errors>
</errors>
</robot>
